#
# A fatal error has been detected by the Java Runtime Environment:
#
#  SIGSEGV (0xb) at pc=0xf705fc98, pid=22676, tid=2739596096
#
# JRE version: Java(TM) SE Runtime Environment (8.0_45-b14) (build 1.8.0_45-b14)
# Java VM: Java HotSpot(TM) Server VM (25.45-b02 mixed mode linux-x86 )
# Problematic frame:
# V  [libjvm.so+0x8b4c98]  interpretedVFrame::monitors() const+0x158
#
# Failed to write core dump. Core dumps have been disabled. To enable core dumping, try "ulimit -c unlimited" before starting Java again
#
# If you would like to submit a bug report, please visit:
#   http://bugreport.java.com/bugreport/crash.jsp
#

---------------  T H R E A D  ---------------

Current thread (0xa37aac00):  JavaThread "JDWP Transport Listener: dt_socket" daemon [_thread_in_vm, id=22693, stack(0xa345e000,0xa34af000)]

siginfo: si_signo: 11 (SIGSEGV), si_code: 2 (SEGV_ACCERR), si_addr: 0xf6716ffc

Registers:
EAX=0xd2198278, EBX=0xf716e4b0, ECX=0x00000000, EDX=0xf6716ff8
ESP=0xa34ada10, EBP=0xa34adaa8, ESI=0xa37ac6c4, EDI=0xa34ada6c
EIP=0xf705fc98, EFLAGS=0x00010202, CR2=0xf6716ffc

Top of Stack: (sp=0xa34ada10)
0xa34ada10:   003b3124 a37ac848 a34ada54 a34ada54
0xa34ada20:   a37ac6ac 6e697274 73624167 63617274
0xa34ada30:   a35e8858 f6716ff8 a35769e0 f6763eb8
0xa34ada40:   e71e7b2a e71e5d08 00000000 f6763ef8
0xa34ada50:   f6763ed8 f6763eb8 e71e7b2a e71e5d08
0xa34ada60:   00000000 f6763ef8 f6763ed8 f6763eb8
0xa34ada70:   e71e7b2a e71e5d08 00000000 f6763ef8
0xa34ada80:   f6763ed8 f6763eb8 e71e7b2a e71e5d08 

Instructions: (pc=0xf705fc98)
0xf705fc78:   85 70 ff ff ff 89 85 74 ff ff ff 50 e8 f7 8d b6
0xf705fc88:   ff 83 c4 10 39 45 8c 0f 82 0b 01 00 00 8b 55 8c
0xf705fc98:   8b 7a 04 50 50 6a 00 6a 10 e8 3a f8 f0 ff 83 c4
0xf705fca8:   10 89 45 88 85 c0 74 17 89 38 c7 40 08 00 00 00 

Register to memory mapping:

EAX=0xd2198278 is an oop
com.orientechnologies.orient.core.exception.OValidationException 
 - klass: 'com/orientechnologies/orient/core/exception/OValidationException'
EBX=0xf716e4b0: <offset 0x9c34b0> in /home/pubmatic/Downloads/jdk1.8.0_45/jre/lib/i386/server/libjvm.so at 0xf67ab000
ECX=0x00000000 is an unknown value
EDX=0xf6716ff8 is pointing into the stack for thread: 0xf660ac00
ESP=0xa34ada10 is pointing into the stack for thread: 0xa37aac00
EBP=0xa34adaa8 is pointing into the stack for thread: 0xa37aac00
ESI=0xa37ac6c4 is an unknown value
EDI=0xa34ada6c is pointing into the stack for thread: 0xa37aac00


Stack: [0xa345e000,0xa34af000],  sp=0xa34ada10,  free space=318k
Native frames: (J=compiled Java code, j=interpreted, Vv=VM code, C=native code)
V  [libjvm.so+0x8b4c98]  interpretedVFrame::monitors() const+0x158
V  [libjvm.so+0x5e3e35]  JvmtiEnvBase::get_locked_objects_in_frame(JavaThread*, JavaThread*, javaVFrame*, GrowableArray<_jvmtiMonitorStackDepthInfo*>*, int)+0x55
V  [libjvm.so+0x5e5a9a]  JvmtiEnvBase::get_owned_monitors(JavaThread*, JavaThread*, GrowableArray<_jvmtiMonitorStackDepthInfo*>*)+0xfa
V  [libjvm.so+0x5da92a]  JvmtiEnv::GetOwnedMonitorInfo(JavaThread*, int*, _jobject***)+0xba
V  [libjvm.so+0x59d1ce]  jvmti_GetOwnedMonitorInfo+0x30e
C  [libjdwp.so+0xa650]  ownedMonitors+0xd0
C  [libjdwp.so+0x128f3]  debugLoop_run+0x303
C  [libjdwp.so+0x274df]  connectionInitiated+0xbf
C  [libjdwp.so+0x27520]  attachThread+0x30
V  [libjvm.so+0x5fbb31]  JvmtiAgentThread::call_start_function()+0xc1
V  [libjvm.so+0x876229]  JavaThread::thread_main_inner()+0x109
V  [libjvm.so+0x8763ab]  JavaThread::run()+0x14b
V  [libjvm.so+0x749049]  java_start(Thread*)+0x119
C  [libpthread.so.0+0x6f70]  start_thread+0xd0
C  [libc.so.6+0xec50e]  clone+0x5e


---------------  P R O C E S S  ---------------

Java Threads: ( => current thread )
  0xa1bc3800 JavaThread "Abandoned connection cleanup thread" daemon [_thread_blocked, id=22709, stack(0xa1aaf000,0xa1b00000)]
  0xa1df0000 JavaThread "OrientDB <- Asynch Client (/127.0.0.1:2424)" daemon [_thread_in_native, id=22708, stack(0xa22af000,0xa2300000)]
  0xa21e7800 JavaThread "Timer-0" daemon [_thread_blocked, id=22706, stack(0xa2228000,0xa2279000)]
  0xa37b8400 JavaThread "Service Thread" daemon [_thread_blocked, id=22703, stack(0xa31e8000,0xa3239000)]
  0xa37b3400 JavaThread "C1 CompilerThread2" daemon [_thread_blocked, id=22702, stack(0xa3239000,0xa32ba000)]
  0xa37b1c00 JavaThread "C2 CompilerThread1" daemon [_thread_blocked, id=22701, stack(0xa32ba000,0xa333b000)]
  0xa37afc00 JavaThread "C2 CompilerThread0" daemon [_thread_blocked, id=22700, stack(0xa333b000,0xa33bc000)]
  0xa3500800 JavaThread "JDWP Command Reader" daemon [_thread_in_native, id=22697, stack(0xa33bc000,0xa340d000)]
  0xa37ae400 JavaThread "JDWP Event Helper Thread" daemon [_thread_blocked, id=22695, stack(0xa340d000,0xa345e000)]
=>0xa37aac00 JavaThread "JDWP Transport Listener: dt_socket" daemon [_thread_in_vm, id=22693, stack(0xa345e000,0xa34af000)]
  0xa37a1800 JavaThread "Signal Dispatcher" daemon [_thread_blocked, id=22691, stack(0xa34af000,0xa3500000)]
  0xa3785400 JavaThread "Finalizer" daemon [_thread_blocked, id=22689, stack(0xa3809000,0xa385a000)]
  0xa3783c00 JavaThread "Reference Handler" daemon [_thread_blocked, id=22688, stack(0xa642e000,0xa647f000)]
  0xf660ac00 JavaThread "main" [_thread_blocked, id=22678, stack(0xf6714000,0xf6765000)]

Other Threads:
  0xa3780800 VMThread [stack: 0xa385a000,0xa38db000] [id=22687]
  0xa37ba000 WatcherThread [stack: 0xa3167000,0xa31e8000] [id=22704]

VM state:not at safepoint (normal execution)

VM Mutex/Monitor currently owned by a thread: None

Heap:
 PSYoungGen      total 19200K, used 11948K [0xd18c0000, 0xd3e40000, 0xe6e00000)
  eden space 16640K, 56% used [0xd18c0000,0xd21eb850,0xd2900000)
  from space 2560K, 99% used [0xd2900000,0xd2b7f818,0xd2b80000)
  to   space 2560K, 0% used [0xd3bc0000,0xd3bc0000,0xd3e40000)
 ParOldGen       total 43776K, used 8554K [0xa6e00000, 0xa98c0000, 0xd18c0000)
  object space 43776K, 19% used [0xa6e00000,0xa765a840,0xa98c0000)
 Metaspace       used 11111K, capacity 11923K, committed 11952K, reserved 12592K

Card table byte_map: [0xa6bff000,0xa6e00000] byte_map_base: 0xa66c8000

Marking Bits: (ParMarkBitMap*) 0xf719b960
 Begin Bits: [0xa4300000, 0xa5300000)
 End Bits:   [0xa5300000, 0xa6300000)

Polling page: 0xf77a7000

CodeCache: size=245760Kb used=4561Kb max_used=4590Kb free=241198Kb
 bounds [0xe71e3000, 0xe766b000, 0xf61e3000]
 total_blobs=1926 nmethods=1716 adapters=131
 compilation: enabled

Compilation events (10 events):
Event: 6.662 Thread 0xa37b1c00 nmethod 1708 0xe7647a88 code [0xe7647be0, 0xe764813c]
Event: 6.662 Thread 0xa37afc00 nmethod 1709 0xe7644108 code [0xe7644240, 0xe764465c]
Event: 6.662 Thread 0xa37afc00 1713   !   4       com.orientechnologies.orient.core.serialization.serializer.record.binary.ORecordSerializerBinaryV0::readSingleValue (661 bytes)
Event: 6.963 Thread 0xa37afc00 nmethod 1713 0xe76508c8 code [0xe7651380, 0xe7658a54]
Event: 7.487 Thread 0xa37b3400 1718   !   3       java.util.logging.LogManager::ensureLogManagerInitialized (128 bytes)
Event: 7.488 Thread 0xa37b3400 nmethod 1718 0xe7643808 code [0xe76439a0, 0xe7643ecc]
Event: 7.488 Thread 0xa37b3400 1719       3       com.orientechnologies.orient.core.db.document.ODatabaseDocumentTx::isClosed (28 bytes)
Event: 7.489 Thread 0xa37b3400 nmethod 1719 0xe763e1c8 code [0xe763e2e0, 0xe763e4cc]
Event: 7.489 Thread 0xa37b3400 1720       3       com.orientechnologies.orient.client.remote.OStorageRemoteThread::isClosed (30 bytes)
Event: 7.489 Thread 0xa37b3400 nmethod 1720 0xe76433c8 code [0xe76434e0, 0xe7643760]

GC Heap History (6 events):
Event: 0.516 GC heap before
{Heap before GC invocations=1 (full 0):
 PSYoungGen      total 19200K, used 16640K [0xd18c0000, 0xd2e00000, 0xe6e00000)
  eden space 16640K, 100% used [0xd18c0000,0xd2900000,0xd2900000)
  from space 2560K, 0% used [0xd2b80000,0xd2b80000,0xd2e00000)
  to   space 2560K, 0% used [0xd2900000,0xd2900000,0xd2b80000)
 ParOldGen       total 43776K, used 0K [0xa6e00000, 0xa98c0000, 0xd18c0000)
  object space 43776K, 0% used [0xa6e00000,0xa6e00000,0xa98c0000)
 Metaspace       used 5057K, capacity 5532K, committed 5552K, reserved 6448K
Event: 0.519 GC heap after
Heap after GC invocations=1 (full 0):
 PSYoungGen      total 19200K, used 2547K [0xd18c0000, 0xd2e00000, 0xe6e00000)
  eden space 16640K, 0% used [0xd18c0000,0xd18c0000,0xd2900000)
  from space 2560K, 99% used [0xd2900000,0xd2b7cf80,0xd2b80000)
  to   space 2560K, 0% used [0xd2b80000,0xd2b80000,0xd2e00000)
 ParOldGen       total 43776K, used 1015K [0xa6e00000, 0xa98c0000, 0xd18c0000)
  object space 43776K, 2% used [0xa6e00000,0xa6efdf40,0xa98c0000)
 Metaspace       used 5057K, capacity 5532K, committed 5552K, reserved 6448K
}
Event: 0.949 GC heap before
{Heap before GC invocations=2 (full 0):
 PSYoungGen      total 19200K, used 19187K [0xd18c0000, 0xd2e00000, 0xe6e00000)
  eden space 16640K, 100% used [0xd18c0000,0xd2900000,0xd2900000)
  from space 2560K, 99% used [0xd2900000,0xd2b7cf80,0xd2b80000)
  to   space 2560K, 0% used [0xd2b80000,0xd2b80000,0xd2e00000)
 ParOldGen       total 43776K, used 1015K [0xa6e00000, 0xa98c0000, 0xd18c0000)
  object space 43776K, 2% used [0xa6e00000,0xa6efdf40,0xa98c0000)
 Metaspace       used 8222K, capacity 9018K, committed 9136K, reserved 9520K
Event: 0.954 GC heap after
Heap after GC invocations=2 (full 0):
 PSYoungGen      total 19200K, used 2554K [0xd18c0000, 0xd2e00000, 0xe6e00000)
  eden space 16640K, 0% used [0xd18c0000,0xd18c0000,0xd2900000)
  from space 2560K, 99% used [0xd2b80000,0xd2dfe9d0,0xd2e00000)
  to   space 2560K, 0% used [0xd2900000,0xd2900000,0xd2b80000)
 ParOldGen       total 43776K, used 3011K [0xa6e00000, 0xa98c0000, 0xd18c0000)
  object space 43776K, 6% used [0xa6e00000,0xa70f0d30,0xa98c0000)
 Metaspace       used 8222K, capacity 9018K, committed 9136K, reserved 9520K
}
Event: 1.377 GC heap before
{Heap before GC invocations=3 (full 0):
 PSYoungGen      total 19200K, used 19194K [0xd18c0000, 0xd2e00000, 0xe6e00000)
  eden space 16640K, 100% used [0xd18c0000,0xd2900000,0xd2900000)
  from space 2560K, 99% used [0xd2b80000,0xd2dfe9d0,0xd2e00000)
  to   space 2560K, 0% used [0xd2900000,0xd2900000,0xd2b80000)
 ParOldGen       total 43776K, used 3011K [0xa6e00000, 0xa98c0000, 0xd18c0000)
  object space 43776K, 6% used [0xa6e00000,0xa70f0d30,0xa98c0000)
 Metaspace       used 10721K, capacity 11514K, committed 11568K, reserved 11568K
Event: 1.384 GC heap after
Heap after GC invocations=3 (full 0):
 PSYoungGen      total 19200K, used 2558K [0xd18c0000, 0xd3e40000, 0xe6e00000)
  eden space 16640K, 0% used [0xd18c0000,0xd18c0000,0xd2900000)
  from space 2560K, 99% used [0xd2900000,0xd2b7f818,0xd2b80000)
  to   space 2560K, 0% used [0xd3bc0000,0xd3bc0000,0xd3e40000)
 ParOldGen       total 43776K, used 8554K [0xa6e00000, 0xa98c0000, 0xd18c0000)
  object space 43776K, 19% used [0xa6e00000,0xa765a840,0xa98c0000)
 Metaspace       used 10721K, capacity 11514K, committed 11568K, reserved 11568K
}

Deoptimization events (8 events):
Event: 0.227 Thread 0xf660ac00 Uncommon trap: reason=unstable_if action=reinterpret pc=0xe72bd904 method=java.lang.String.indexOf(II)I @ 49
Event: 0.519 Thread 0xa3785400 Uncommon trap: reason=unstable_if action=reinterpret pc=0xe73a8dc0 method=java.lang.Object.equals(Ljava/lang/Object;)Z @ 2
Event: 0.742 Thread 0xf660ac00 Uncommon trap: reason=class_check action=maybe_recompile pc=0xe74282b8 method=java.util.concurrent.ConcurrentHashMap.get(Ljava/lang/Object;)Ljava/lang/Object; @ 149
Event: 0.742 Thread 0xf660ac00 Uncommon trap: reason=class_check action=maybe_recompile pc=0xe74282b8 method=java.util.concurrent.ConcurrentHashMap.get(Ljava/lang/Object;)Ljava/lang/Object; @ 149
Event: 0.756 Thread 0xf660ac00 Uncommon trap: reason=unstable_if action=reinterpret pc=0xe74284cc method=java.util.concurrent.ConcurrentHashMap.get(Ljava/lang/Object;)Ljava/lang/Object; @ 138
Event: 0.761 Thread 0xf660ac00 Uncommon trap: reason=unstable_if action=reinterpret pc=0xe73332c8 method=java.lang.String.replace(CC)Ljava/lang/String; @ 26
Event: 1.089 Thread 0xf660ac00 Uncommon trap: reason=unstable_if action=reinterpret pc=0xe735a004 method=java.lang.AbstractStringBuilder.append(Ljava/lang/String;)Ljava/lang/AbstractStringBuilder; @ 1
Event: 1.093 Thread 0xf660ac00 Uncommon trap: reason=unstable_if action=reinterpret pc=0xe7538450 method=sun.nio.cs.UTF_8$Decoder.decode([BII[C)I @ 30

Internal exceptions (10 events):
Event: 0.178 Thread 0xf660ac00 Exception <a 'java/security/PrivilegedActionException'> (0xd1a75980) thrown at [/HUDSON/workspace/8-2-build-linux-i586/jdk8u45/3457/hotspot/src/share/vm/prims/jvm.cpp, line 1382]
Event: 0.178 Thread 0xf660ac00 Exception <a 'java/security/PrivilegedActionException'> (0xd1a75b30) thrown at [/HUDSON/workspace/8-2-build-linux-i586/jdk8u45/3457/hotspot/src/share/vm/prims/jvm.cpp, line 1382]
Event: 0.224 Thread 0xf660ac00 Exception <a 'java/security/PrivilegedActionException'> (0xd1d15760) thrown at [/HUDSON/workspace/8-2-build-linux-i586/jdk8u45/3457/hotspot/src/share/vm/prims/jvm.cpp, line 1382]
Event: 0.224 Thread 0xf660ac00 Exception <a 'java/security/PrivilegedActionException'> (0xd1d15910) thrown at [/HUDSON/workspace/8-2-build-linux-i586/jdk8u45/3457/hotspot/src/share/vm/prims/jvm.cpp, line 1382]
Event: 0.225 Thread 0xf660ac00 Exception <a 'java/security/PrivilegedActionException'> (0xd1d17fb8) thrown at [/HUDSON/workspace/8-2-build-linux-i586/jdk8u45/3457/hotspot/src/share/vm/prims/jvm.cpp, line 1382]
Event: 0.225 Thread 0xf660ac00 Exception <a 'java/security/PrivilegedActionException'> (0xd1d18168) thrown at [/HUDSON/workspace/8-2-build-linux-i586/jdk8u45/3457/hotspot/src/share/vm/prims/jvm.cpp, line 1382]
Event: 0.339 Thread 0xf660ac00 Exception <a 'java/lang/NoSuchFieldError': method resolution failed> (0xd21ca178) thrown at [/HUDSON/workspace/8-2-build-linux-i586/jdk8u45/3457/hotspot/src/share/vm/prims/methodHandles.cpp, line 1125]
Event: 0.343 Thread 0xf660ac00 Exception <a 'java/lang/NoSuchFieldError': method resolution failed> (0xd21d75d0) thrown at [/HUDSON/workspace/8-2-build-linux-i586/jdk8u45/3457/hotspot/src/share/vm/prims/methodHandles.cpp, line 1125]
Event: 1.089 Thread 0xf660ac00 Implicit null exception at 0xe7359b5f to 0xe7359fed
Event: 12.885 Thread 0xf660ac00 Exception <a 'java/lang/NoSuchMethodError': <clinit>> (0xd2196e78) thrown at [/HUDSON/workspace/8-2-build-linux-i586/jdk8u45/3457/hotspot/src/share/vm/prims/jni.cpp, line 1598]

Events (10 events):
Event: 94.916 Executing VM operation: ChangeBreakpoints
Event: 94.917 Executing VM operation: ChangeBreakpoints done
Event: 94.920 Executing VM operation: EnterInterpOnlyMode
Event: 94.920 Executing VM operation: EnterInterpOnlyMode done
Event: 94.920 Executing VM operation: GetCurrentLocation
Event: 94.920 Executing VM operation: GetCurrentLocation done
Event: 94.920 Executing VM operation: ChangeSingleStep
Event: 94.920 Executing VM operation: ChangeSingleStep done
Event: 94.921 Executing VM operation: ChangeSingleStep
Event: 94.921 Executing VM operation: ChangeSingleStep done


Dynamic libraries:
08048000-08049000 r-xp 00000000 08:07 3424001                            /home/pubmatic/Downloads/jdk1.8.0_45/bin/java
08049000-0804a000 rw-p 00000000 08:07 3424001                            /home/pubmatic/Downloads/jdk1.8.0_45/bin/java
0810d000-081c7000 rw-p 00000000 00:00 0                                  [heap]
a0600000-a0724000 rw-p 00000000 00:00 0 
a0724000-a0800000 ---p 00000000 00:00 0 
a0900000-a09fa000 rw-p 00000000 00:00 0 
a09fa000-a0a00000 ---p 00000000 00:00 0 
a0a00000-a0b00000 rw-p 00000000 00:00 0 
a0b00000-a0c00000 rw-p 00000000 00:00 0 
a0c66000-a0e00000 rw-p 00000000 00:00 0 
a0e00000-a0f00000 rw-p 00000000 00:00 0 
a0f4a000-a1000000 rw-p 00000000 00:00 0 
a1000000-a10c8000 rw-p 00000000 00:00 0 
a10c8000-a1100000 ---p 00000000 00:00 0 
a1100000-a11fd000 rw-p 00000000 00:00 0 
a11fd000-a1200000 ---p 00000000 00:00 0 
a1200000-a12f1000 rw-p 00000000 00:00 0 
a12f1000-a1300000 ---p 00000000 00:00 0 
a1300000-a13f4000 rw-p 00000000 00:00 0 
a13f4000-a1400000 ---p 00000000 00:00 0 
a1400000-a14fc000 rw-p 00000000 00:00 0 
a14fc000-a1500000 ---p 00000000 00:00 0 
a1500000-a15fc000 rw-p 00000000 00:00 0 
a15fc000-a1600000 ---p 00000000 00:00 0 
a1600000-a1629000 rw-p 00000000 00:00 0 
a1629000-a1700000 ---p 00000000 00:00 0 
a1700000-a1760000 rw-p 00000000 00:00 0 
a1760000-a1800000 ---p 00000000 00:00 0 
a1800000-a1900000 rw-p 00000000 00:00 0 
a1900000-a19fe000 rw-p 00000000 00:00 0 
a19fe000-a1a00000 ---p 00000000 00:00 0 
a1aaf000-a1ab2000 ---p 00000000 00:00 0 
a1ab2000-a1b00000 rw-p 00000000 00:00 0                                  [stack:22709]
a1b00000-a1bf4000 rw-p 00000000 00:00 0 
a1bf4000-a1c00000 ---p 00000000 00:00 0 
a1c00000-a1d00000 rw-p 00000000 00:00 0 
a1d00000-a1e00000 rw-p 00000000 00:00 0 
a1e00000-a1f00000 rw-p 00000000 00:00 0 
a1f00000-a2000000 rw-p 00000000 00:00 0 
a2000000-a2100000 rw-p 00000000 00:00 0 
a2100000-a2200000 rw-p 00000000 00:00 0 
a2228000-a222b000 ---p 00000000 00:00 0 
a222b000-a2279000 rw-p 00000000 00:00 0                                  [stack:22706]
a22af000-a22b2000 ---p 00000000 00:00 0 
a22b2000-a2300000 rw-p 00000000 00:00 0                                  [stack:22708]
a2300000-a23fc000 rw-p 00000000 00:00 0 
a23fc000-a2400000 ---p 00000000 00:00 0 
a2400000-a24f6000 rw-p 00000000 00:00 0 
a24f6000-a2500000 ---p 00000000 00:00 0 
a2500000-a2600000 rw-p 00000000 00:00 0 
a2600000-a26f8000 rw-p 00000000 00:00 0 
a26f8000-a2700000 ---p 00000000 00:00 0 
a2700000-a27ff000 rw-p 00000000 00:00 0 
a27ff000-a2800000 ---p 00000000 00:00 0 
a2800000-a28fa000 rw-p 00000000 00:00 0 
a28fa000-a2900000 ---p 00000000 00:00 0 
a2900000-a2a00000 rw-p 00000000 00:00 0 
a2a00000-a2afb000 rw-p 00000000 00:00 0 
a2afb000-a2b00000 ---p 00000000 00:00 0 
a2b00000-a2c00000 rw-p 00000000 00:00 0 
a2c00000-a2cfe000 rw-p 00000000 00:00 0 
a2cfe000-a2d00000 ---p 00000000 00:00 0 
a2d03000-a2d0b000 r-xp 00000000 08:07 3424237                            /home/pubmatic/Downloads/jdk1.8.0_45/jre/lib/i386/libmanagement.so
a2d0b000-a2d0c000 rw-p 00007000 08:07 3424237                            /home/pubmatic/Downloads/jdk1.8.0_45/jre/lib/i386/libmanagement.so
a2d40000-a2d42000 rw-p 00000000 00:00 0 
a2d42000-a2d47000 r--s 002f8000 08:07 3424311                            /home/pubmatic/Downloads/jdk1.8.0_45/jre/lib/charsets.jar
a2d47000-a2d4c000 r--s 00094000 08:07 3424348                            /home/pubmatic/Downloads/jdk1.8.0_45/jre/lib/jsse.jar
a2d4c000-a2d4f000 r--s 0001a000 08:07 3424302                            /home/pubmatic/Downloads/jdk1.8.0_45/jre/lib/jce.jar
a2d4f000-a2d64000 r-xp 00000000 08:07 3424296                            /home/pubmatic/Downloads/jdk1.8.0_45/jre/lib/i386/libnet.so
a2d64000-a2d65000 rw-p 00014000 08:07 3424296                            /home/pubmatic/Downloads/jdk1.8.0_45/jre/lib/i386/libnet.so
a2d65000-a2d81000 r--s 00393000 08:07 3424313                            /home/pubmatic/Downloads/jdk1.8.0_45/jre/lib/ext/cldrdata.jar
a2d81000-a2d8c000 r--s 00116000 08:07 3424317                            /home/pubmatic/Downloads/jdk1.8.0_45/jre/lib/ext/localedata.jar
a2d8c000-a2daa000 r--s 001bc000 08:07 8656133                            /home/pubmatic/.m2/repository/org/apache/ant/ant/1.8.3/ant-1.8.3.jar
a2daa000-a2e00000 r--s 00502000 08:07 8656130                            /home/pubmatic/.m2/repository/org/codehaus/groovy/groovy/1.8.9/groovy-1.8.9.jar
a2e00000-a2efd000 rw-p 00000000 00:00 0 
a2efd000-a2f00000 ---p 00000000 00:00 0 
a2f00000-a2fff000 rw-p 00000000 00:00 0 
a2fff000-a3000000 ---p 00000000 00:00 0 
a3000000-a30fd000 rw-p 00000000 00:00 0 
a30fd000-a3100000 ---p 00000000 00:00 0 
a3100000-a3101000 rw-p 00000000 00:00 0 
a3101000-a310a000 r--s 000e2000 08:07 6687850                            /home/pubmatic/.m2/repository/mysql/mysql-connector-java/5.1.34/mysql-connector-java-5.1.34.jar
a310a000-a310c000 r--s 00014000 08:07 5638173                            /home/pubmatic/.m2/repository/jline/jline/0.9.94/jline-0.9.94.jar
a310c000-a310f000 r--s 00018000 08:07 7610376                            /home/pubmatic/.m2/repository/org/fusesource/jansi/jansi/1.5/jansi-1.5.jar
a310f000-a3111000 r--s 00004000 08:07 3409365                            /home/pubmatic/.m2/repository/asm/asm-tree/3.2/asm-tree-3.2.jar
a3111000-a3116000 r--s 00068000 08:07 3409356                            /home/pubmatic/.m2/repository/antlr/antlr/2.7.7/antlr-2.7.7.jar
a3116000-a312b000 r--s 00116000 08:07 8656127                            /home/pubmatic/.m2/repository/org/apache/ivy/ivy/2.3.0/ivy-2.3.0.jar
a312b000-a312f000 r--s 00026000 08:07 8656124                            /home/pubmatic/.m2/repository/com/tinkerpop/gremlin/gremlin-groovy/2.6.0/gremlin-groovy-2.6.0.jar
a312f000-a3133000 r--s 00021000 08:07 8656121                            /home/pubmatic/.m2/repository/com/tinkerpop/pipes/2.6.0/pipes-2.6.0.jar
a3133000-a3137000 r--s 0002f000 08:07 8656111                            /home/pubmatic/.m2/repository/commons-beanutils/commons-beanutils-core/1.8.0/commons-beanutils-core-1.8.0.jar
a3137000-a313c000 r--s 0002a000 08:07 5767494                            /home/pubmatic/.m2/repository/commons-beanutils/commons-beanutils/1.7.0/commons-beanutils-1.7.0.jar
a313c000-a3140000 r--s 00020000 08:07 5767841                            /home/pubmatic/.m2/repository/commons-digester/commons-digester/1.8/commons-digester-1.8.jar
a3140000-a314e000 r--s 0007f000 08:07 3409358                            /home/pubmatic/.m2/repository/commons-collections/commons-collections/3.2.1/commons-collections-3.2.1.jar
a314e000-a3167000 r--s 00127000 08:07 8656105                            /home/pubmatic/.m2/repository/com/carrotsearch/hppc/0.6.0/hppc-0.6.0.jar
a3167000-a3168000 ---p 00000000 00:00 0 
a3168000-a31e8000 rw-p 00000000 00:00 0                                  [stack:22704]
a31e8000-a31eb000 ---p 00000000 00:00 0 
a31eb000-a3239000 rw-p 00000000 00:00 0                                  [stack:22703]
a3239000-a323c000 ---p 00000000 00:00 0 
a323c000-a32ba000 rw-p 00000000 00:00 0                                  [stack:22702]
a32ba000-a32bd000 ---p 00000000 00:00 0 
a32bd000-a333b000 rw-p 00000000 00:00 0                                  [stack:22701]
a333b000-a333e000 ---p 00000000 00:00 0 
a333e000-a33bc000 rw-p 00000000 00:00 0                                  [stack:22700]
a33bc000-a33bf000 ---p 00000000 00:00 0 
a33bf000-a340d000 rw-p 00000000 00:00 0                                  [stack:22697]
a340d000-a3410000 ---p 00000000 00:00 0 
a3410000-a345e000 rw-p 00000000 00:00 0                                  [stack:22695]
a345e000-a3461000 ---p 00000000 00:00 0 
a3461000-a34af000 rw-p 00000000 00:00 0                                  [stack:22693]
a34af000-a34b2000 ---p 00000000 00:00 0 
a34b2000-a3500000 rw-p 00000000 00:00 0                                  [stack:22691]
a3500000-a35ff000 rw-p 00000000 00:00 0 
a35ff000-a3600000 ---p 00000000 00:00 0 
a3600000-a3621000 rw-p 00000000 00:00 0 
a3621000-a3700000 ---p 00000000 00:00 0 
a3700000-a3800000 rw-p 00000000 00:00 0 
a3800000-a3801000 r--s 00004000 08:07 8656136                            /home/pubmatic/.m2/repository/org/apache/ant/ant-launcher/1.8.3/ant-launcher-1.8.3.jar
a3801000-a3802000 r--s 00004000 08:07 3409366                            /home/pubmatic/.m2/repository/asm/asm-analysis/3.2/asm-analysis-3.2.jar
a3802000-a3803000 r--s 00008000 08:07 3409364                            /home/pubmatic/.m2/repository/asm/asm-util/3.2/asm-util-3.2.jar
a3803000-a3809000 r--s 00043000 08:07 8656108                            /home/pubmatic/.m2/repository/commons-configuration/commons-configuration/1.6/commons-configuration-1.6.jar
a3809000-a380c000 ---p 00000000 00:00 0 
a380c000-a385a000 rw-p 00000000 00:00 0                                  [stack:22689]
a385a000-a385b000 ---p 00000000 00:00 0 
a385b000-a38db000 rw-p 00000000 00:00 0                                  [stack:22687]
a38db000-a3ab4000 r--s 03d09000 08:07 3424344                            /home/pubmatic/Downloads/jdk1.8.0_45/jre/lib/rt.jar
a3ab4000-a6300000 rw-p 00000000 00:00 0 
a6300000-a6321000 rw-p 00000000 00:00 0 
a6321000-a6400000 ---p 00000000 00:00 0 
a6400000-a6402000 r--s 00007000 08:07 3409357                            /home/pubmatic/.m2/repository/asm/asm-commons/3.2/asm-commons-3.2.jar
a6402000-a6413000 r--s 000c3000 08:07 8656096                            /home/pubmatic/.m2/repository/com/fasterxml/jackson/core/jackson-databind/2.2.3/jackson-databind-2.2.3.jar
a6413000-a642e000 r--s 001d0000 08:07 3424322                            /home/pubmatic/Downloads/jdk1.8.0_45/jre/lib/ext/nashorn.jar
a642e000-a6431000 ---p 00000000 00:00 0 
a6431000-a647f000 rw-p 00000000 00:00 0                                  [stack:22688]
a647f000-a6480000 ---p 00000000 00:00 0 
a6480000-a6500000 rw-p 00000000 00:00 0                                  [stack:22686]
a6500000-a6521000 rw-p 00000000 00:00 0 
a6521000-a6600000 ---p 00000000 00:00 0 
a6600000-a6601000 r--s 0000a000 08:07 3409359                            /home/pubmatic/.m2/repository/asm/asm/3.2/asm-3.2.jar
a6601000-a6603000 r--s 0000d000 08:07 4852702                            /home/pubmatic/.m2/repository/commons-logging/commons-logging/1.1.1/commons-logging-1.1.1.jar
a6603000-a6630000 r--s 00262000 08:07 7735463                            /home/pubmatic/.m2/repository/com/orientechnologies/orientdb-core/2.0.9/orientdb-core-2.0.9.jar
a6630000-a667f000 rw-p 00000000 00:00 0 
a667f000-a6680000 ---p 00000000 00:00 0 
a6680000-a6700000 rw-p 00000000 00:00 0                                  [stack:22685]
a6700000-a67fe000 rw-p 00000000 00:00 0 
a67fe000-a6800000 ---p 00000000 00:00 0 
a6800000-a6801000 r--s 00005000 08:07 8656114                            /home/pubmatic/.m2/repository/com/tinkerpop/gremlin/gremlin-java/2.6.0/gremlin-java-2.6.0.jar
a6801000-a6805000 r--s 0003c000 08:07 5247088                            /home/pubmatic/.m2/repository/commons-lang/commons-lang/2.4/commons-lang-2.4.jar
a6805000-a6809000 r--s 0002c000 08:07 8656102                            /home/pubmatic/.m2/repository/com/fasterxml/jackson/core/jackson-core/2.2.3/jackson-core-2.2.3.jar
a6809000-a680c000 r--s 00006000 08:07 8656099                            /home/pubmatic/.m2/repository/com/fasterxml/jackson/core/jackson-annotations/2.2.3/jackson-annotations-2.2.3.jar
a680c000-a680e000 r--s 00005000 08:07 5769103                            /home/pubmatic/.m2/repository/stax/stax-api/1.0.1/stax-api-1.0.1.jar
a680e000-a6815000 r--s 0003c000 08:07 8656090                            /home/pubmatic/.m2/repository/com/tinkerpop/blueprints/blueprints-core/2.6.0/blueprints-core-2.6.0.jar
a6815000-a6824000 r--s 0011b000 08:07 7217292                            /home/pubmatic/.m2/repository/net/java/dev/jna/jna-platform/4.0.0/jna-platform-4.0.0.jar
a6824000-a687f000 rw-p 00000000 00:00 0 
a687f000-a6880000 ---p 00000000 00:00 0 
a6880000-a6900000 rw-p 00000000 00:00 0                                  [stack:22684]
a6900000-a6a00000 rw-p 00000000 00:00 0 
a6a00000-a6a02000 r--s 00012000 08:07 8656093                            /home/pubmatic/.m2/repository/org/codehaus/jettison/jettison/1.3.3/jettison-1.3.3.jar
a6a02000-a6a06000 r--s 000dc000 08:07 6820657                            /home/pubmatic/.m2/repository/net/java/dev/jna/jna/4.0.0/jna-4.0.0.jar
a6a06000-a6a0a000 r--s 00019000 08:07 12977788                           /home/pubmatic/.m2/repository/com/googlecode/concurrentlinkedhashmap/concurrentlinkedhashmap-lru/1.4.1/concurrentlinkedhashmap-lru-1.4.1.jar
a6a0a000-a6a0d000 r--s 00067000 08:07 8782779                            /home/pubmatic/.m2/repository/org/xerial/snappy/snappy-java/1.1.0.1/snappy-java-1.1.0.1.jar
a6a0d000-a6a16000 r--s 00098000 08:07 7610328                            /home/pubmatic/.m2/repository/org/javassist/javassist/3.16.1-GA/javassist-3.16.1-GA.jar
a6a16000-a6a1b000 r--s 00014000 08:07 7610325                            /home/pubmatic/.m2/repository/org/hibernate/javax/persistence/hibernate-jpa-2.0-api/1.0.0.Final/hibernate-jpa-2.0-api-1.0.0.Final.jar
a6a1b000-a6a1f000 r--s 0002a000 08:07 7735460                            /home/pubmatic/.m2/repository/com/orientechnologies/orientdb-object/2.0.9/orientdb-object-2.0.9.jar
a6a1f000-a6a28000 r--s 00070000 08:07 7735448                            /home/pubmatic/.m2/repository/com/orientechnologies/orientdb-server/2.0.9/orientdb-server-2.0.9.jar
a6a28000-a6a29000 ---p 00000000 00:00 0 
a6a29000-a6abf000 rw-p 00000000 00:00 0                                  [stack:22683]
a6abf000-a6bff000 ---p 00000000 00:00 0 
a6bff000-a6c15000 rw-p 00000000 00:00 0 
a6c15000-a6d54000 ---p 00000000 00:00 0 
a6d54000-a6d68000 rw-p 00000000 00:00 0 
a6d68000-a6dff000 ---p 00000000 00:00 0 
a6dff000-a98c0000 rw-p 00000000 00:00 0 
a98c0000-d18c0000 ---p 00000000 00:00 0 
d18c0000-d3e40000 rw-p 00000000 00:00 0 
d3e40000-e6e00000 ---p 00000000 00:00 0 
e6e00000-e6e06000 r--s 00059000 08:07 5767484                            /home/pubmatic/.m2/repository/javax/mail/mail/1.4/mail-1.4.jar
e6e06000-e6e0b000 r--s 0003b000 08:07 7735445                            /home/pubmatic/.m2/repository/com/orientechnologies/orientdb-graphdb/2.0.9/orientdb-graphdb-2.0.9.jar
e6e0b000-e6e36000 rw-p 00000000 00:00 0 
e6e36000-e71e3000 ---p 00000000 00:00 0 
e71e3000-e766b000 rwxp 00000000 00:00 0 
e766b000-f61e3000 ---p 00000000 00:00 0 
f61e3000-f61ee000 r-xp 00000000 08:06 3932449                            /lib/i386-linux-gnu/libnss_files-2.19.so
f61ee000-f61ef000 r--p 0000a000 08:06 3932449                            /lib/i386-linux-gnu/libnss_files-2.19.so
f61ef000-f61f0000 rw-p 0000b000 08:06 3932449                            /lib/i386-linux-gnu/libnss_files-2.19.so
f61f0000-f61fa000 r-xp 00000000 08:06 3932453                            /lib/i386-linux-gnu/libnss_nis-2.19.so
f61fa000-f61fb000 r--p 00009000 08:06 3932453                            /lib/i386-linux-gnu/libnss_nis-2.19.so
f61fb000-f61fc000 rw-p 0000a000 08:06 3932453                            /lib/i386-linux-gnu/libnss_nis-2.19.so
f61fc000-f6211000 r-xp 00000000 08:06 3932462                            /lib/i386-linux-gnu/libnsl-2.19.so
f6211000-f6212000 r--p 00015000 08:06 3932462                            /lib/i386-linux-gnu/libnsl-2.19.so
f6212000-f6213000 rw-p 00016000 08:06 3932462                            /lib/i386-linux-gnu/libnsl-2.19.so
f6213000-f6215000 rw-p 00000000 00:00 0 
f6215000-f6218000 r-xp 00000000 08:07 3424257                            /home/pubmatic/Downloads/jdk1.8.0_45/jre/lib/i386/libdt_socket.so
f6218000-f6219000 rw-p 00003000 08:07 3424257                            /home/pubmatic/Downloads/jdk1.8.0_45/jre/lib/i386/libdt_socket.so
f6219000-f6232000 r-xp 00000000 08:07 3424298                            /home/pubmatic/Downloads/jdk1.8.0_45/jre/lib/i386/libzip.so
f6232000-f6233000 rw-p 00018000 08:07 3424298                            /home/pubmatic/Downloads/jdk1.8.0_45/jre/lib/i386/libzip.so
f6233000-f63a3000 r--p 001bc000 08:06 13900612                           /usr/lib/locale/locale-archive
f63a3000-f65a3000 r--p 00000000 08:06 13900612                           /usr/lib/locale/locale-archive
f65a3000-f65da000 r-xp 00000000 08:07 3424288                            /home/pubmatic/Downloads/jdk1.8.0_45/jre/lib/i386/libjdwp.so
f65da000-f65db000 rw-p 00037000 08:07 3424288                            /home/pubmatic/Downloads/jdk1.8.0_45/jre/lib/i386/libjdwp.so
f65db000-f65ff000 r-xp 00000000 08:07 3424293                            /home/pubmatic/Downloads/jdk1.8.0_45/jre/lib/i386/libjava.so
f65ff000-f6600000 rw-p 00023000 08:07 3424293                            /home/pubmatic/Downloads/jdk1.8.0_45/jre/lib/i386/libjava.so
f6600000-f66ff000 rw-p 00000000 00:00 0 
f66ff000-f6700000 ---p 00000000 00:00 0 
f6700000-f6701000 r--s 0000b000 08:07 7735457                            /home/pubmatic/.m2/repository/com/orientechnologies/orientdb-tools/2.0.9/orientdb-tools-2.0.9.jar
f6701000-f6703000 r--s 0000e000 08:07 5767487                            /home/pubmatic/.m2/repository/javax/activation/activation/1.1/activation-1.1.jar
f6703000-f670b000 rw-s 00000000 08:06 6818921                            /tmp/hsperfdata_pubmatic/22676
f670b000-f6712000 r-xp 00000000 08:06 3932265                            /lib/i386-linux-gnu/librt-2.19.so
f6712000-f6713000 r--p 00006000 08:06 3932265                            /lib/i386-linux-gnu/librt-2.19.so
f6713000-f6714000 rw-p 00007000 08:06 3932265                            /lib/i386-linux-gnu/librt-2.19.so
f6714000-f6717000 ---p 00000000 00:00 0 
f6717000-f6765000 rw-p 00000000 00:00 0                                  [stack:22678]
f6765000-f67a9000 r-xp 00000000 08:06 3932463                            /lib/i386-linux-gnu/libm-2.19.so
f67a9000-f67aa000 r--p 00043000 08:06 3932463                            /lib/i386-linux-gnu/libm-2.19.so
f67aa000-f67ab000 rw-p 00044000 08:06 3932463                            /lib/i386-linux-gnu/libm-2.19.so
f67ab000-f711e000 r-xp 00000000 08:07 3424278                            /home/pubmatic/Downloads/jdk1.8.0_45/jre/lib/i386/server/libjvm.so
f711e000-f718a000 rw-p 00972000 08:07 3424278                            /home/pubmatic/Downloads/jdk1.8.0_45/jre/lib/i386/server/libjvm.so
f718a000-f75b0000 rw-p 00000000 00:00 0 
f75b0000-f7759000 r-xp 00000000 08:06 3932450                            /lib/i386-linux-gnu/libc-2.19.so
f7759000-f775b000 r--p 001a9000 08:06 3932450                            /lib/i386-linux-gnu/libc-2.19.so
f775b000-f775c000 rw-p 001ab000 08:06 3932450                            /lib/i386-linux-gnu/libc-2.19.so
f775c000-f775f000 rw-p 00000000 00:00 0 
f775f000-f7762000 r-xp 00000000 08:06 3932456                            /lib/i386-linux-gnu/libdl-2.19.so
f7762000-f7763000 r--p 00002000 08:06 3932456                            /lib/i386-linux-gnu/libdl-2.19.so
f7763000-f7764000 rw-p 00003000 08:06 3932456                            /lib/i386-linux-gnu/libdl-2.19.so
f7764000-f7778000 r-xp 00000000 08:07 3422683                            /home/pubmatic/Downloads/jdk1.8.0_45/lib/i386/jli/libjli.so
f7778000-f7779000 rw-p 00014000 08:07 3422683                            /home/pubmatic/Downloads/jdk1.8.0_45/lib/i386/jli/libjli.so
f7779000-f777a000 rw-p 00000000 00:00 0 
f777a000-f7792000 r-xp 00000000 08:06 3932452                            /lib/i386-linux-gnu/libpthread-2.19.so
f7792000-f7793000 r--p 00018000 08:06 3932452                            /lib/i386-linux-gnu/libpthread-2.19.so
f7793000-f7794000 rw-p 00019000 08:06 3932452                            /lib/i386-linux-gnu/libpthread-2.19.so
f7794000-f7796000 rw-p 00000000 00:00 0 
f7796000-f7798000 r--s 00008000 08:07 7735454                            /home/pubmatic/.m2/repository/com/orientechnologies/orientdb-enterprise/2.0.9/orientdb-enterprise-2.0.9.jar
f7798000-f7799000 r--s 00011000 08:07 7735451                            /home/pubmatic/.m2/repository/com/orientechnologies/orientdb-client/2.0.9/orientdb-client-2.0.9.jar
f7799000-f77a0000 r-xp 00000000 08:06 3932448                            /lib/i386-linux-gnu/libnss_compat-2.19.so
f77a0000-f77a1000 r--p 00006000 08:06 3932448                            /lib/i386-linux-gnu/libnss_compat-2.19.so
f77a1000-f77a2000 rw-p 00007000 08:06 3932448                            /lib/i386-linux-gnu/libnss_compat-2.19.so
f77a2000-f77a3000 r--p 00464000 08:06 13900612                           /usr/lib/locale/locale-archive
f77a3000-f77a5000 r-xp 00000000 08:07 3424271                            /home/pubmatic/Downloads/jdk1.8.0_45/jre/lib/i386/libnpt.so
f77a5000-f77a6000 rw-p 00001000 08:07 3424271                            /home/pubmatic/Downloads/jdk1.8.0_45/jre/lib/i386/libnpt.so
f77a6000-f77a7000 rw-p 00000000 00:00 0 
f77a7000-f77a8000 r--p 00000000 00:00 0 
f77a8000-f77b3000 r-xp 00000000 08:07 3424244                            /home/pubmatic/Downloads/jdk1.8.0_45/jre/lib/i386/libverify.so
f77b3000-f77b4000 rw-p 0000b000 08:07 3424244                            /home/pubmatic/Downloads/jdk1.8.0_45/jre/lib/i386/libverify.so
f77b4000-f77b6000 rw-p 00000000 00:00 0 
f77b6000-f77b7000 r-xp 00000000 00:00 0                                  [vdso]
f77b7000-f77d7000 r-xp 00000000 08:06 3932465                            /lib/i386-linux-gnu/ld-2.19.so
f77d7000-f77d8000 r--p 0001f000 08:06 3932465                            /lib/i386-linux-gnu/ld-2.19.so
f77d8000-f77d9000 rw-p 00020000 08:06 3932465                            /lib/i386-linux-gnu/ld-2.19.so
ffc81000-ffc82000 rwxp 00000000 00:00 0 
ffcb3000-ffcd5000 rw-p 00000000 00:00 0                                  [stack]

VM Arguments:
jvm_args: -agentlib:jdwp=transport=dt_socket,suspend=y,address=localhost:44492 -Dfile.encoding=UTF-8 
java_command: com.home.test.PublisherService
java_class_path (initial): /home/pubmatic/git/pizzaconnections/OrientClassDiagramCreator/target/classes:/home/pubmatic/.m2/repository/com/orientechnologies/orientdb-graphdb/2.0.9/orientdb-graphdb-2.0.9.jar:/home/pubmatic/.m2/repository/com/orientechnologies/orientdb-server/2.0.9/orientdb-server-2.0.9.jar:/home/pubmatic/.m2/repository/com/orientechnologies/orientdb-client/2.0.9/orientdb-client-2.0.9.jar:/home/pubmatic/.m2/repository/com/orientechnologies/orientdb-enterprise/2.0.9/orientdb-enterprise-2.0.9.jar:/home/pubmatic/.m2/repository/javax/mail/mail/1.4/mail-1.4.jar:/home/pubmatic/.m2/repository/javax/activation/activation/1.1/activation-1.1.jar:/home/pubmatic/.m2/repository/com/orientechnologies/orientdb-tools/2.0.9/orientdb-tools-2.0.9.jar:/home/pubmatic/.m2/repository/com/orientechnologies/orientdb-object/2.0.9/orientdb-object-2.0.9.jar:/home/pubmatic/.m2/repository/org/hibernate/javax/persistence/hibernate-jpa-2.0-api/1.0.0.Final/hibernate-jpa-2.0-api-1.0.0.Final.jar:/home/pubmatic/.m2/repository/org/javassist/javassist/3.16.1-GA/javassist-3.16.1-GA.jar:/home/pubmatic/.m2/repository/com/orientechnologies/orientdb-core/2.0.9/orientdb-core-2.0.9.jar:/home/pubmatic/.m2/repository/org/xerial/snappy/snappy-java/1.1.0.1/snappy-java-1.1.0.1.jar:/home/pubmatic/.m2/repository/com/googlecode/concurrentlinkedhashmap/concurrentlinkedhashmap-lru/1.4.1/concurrentlinkedhashmap-lru-1.4.1.jar:/home/pubmatic/.m2/repository/net/java/dev/jna/jna/4.0.0/jna-4.0.0.jar:/home/pubmatic/.m2/repository/net/java/dev/jna/jna-platform/4.0.0/jna-platform-4.0.0.jar:/home/pubmatic/.m2/repository/com/tinkerpop/blueprints/blueprints-core/2.6.0/blueprints-core-2.6.0.jar:/home/pubmatic/.m2/repository/org/codehaus/jettison/jettison/1.3.3/jettison-1.3.3.jar:/home/pubmatic/.m2/repository/stax/stax-api/1.0.1/stax-api-1.0.1.jar:/home/pubmatic/.m2/repository/com/fasterxml/jackson/core/jackson-databind/2.2.3/jackson-databind-2.2.3.jar:/home/pubmatic/.m2/repository/com/fasterxml/jackson/core/jackson-a
Launcher Type: SUN_STANDARD

Environment Variables:
PATH=/usr/local/sbin:/usr/local/bin:/usr/sbin:/usr/bin:/sbin:/bin:/usr/games:/usr/local/games
USERNAME=pubmatic
SHELL=/bin/bash
DISPLAY=:0

Signal Handlers:
SIGSEGV: [libjvm.so+0x8c29a0], sa_mask[0]=11111111011111111101111111111110, sa_flags=SA_RESTART|SA_SIGINFO
SIGBUS: [libjvm.so+0x8c29a0], sa_mask[0]=11111111011111111101111111111110, sa_flags=SA_RESTART|SA_SIGINFO
SIGFPE: [libjvm.so+0x7432d0], sa_mask[0]=11111111011111111101111111111110, sa_flags=SA_RESTART|SA_SIGINFO
SIGPIPE: [libjvm.so+0x7432d0], sa_mask[0]=11111111011111111101111111111110, sa_flags=SA_RESTART|SA_SIGINFO
SIGXFSZ: [libjvm.so+0x7432d0], sa_mask[0]=11111111011111111101111111111110, sa_flags=SA_RESTART|SA_SIGINFO
SIGILL: [libjvm.so+0x7432d0], sa_mask[0]=11111111011111111101111111111110, sa_flags=SA_RESTART|SA_SIGINFO
SIGUSR1: SIG_DFL, sa_mask[0]=00000000000000000000000000000000, sa_flags=none
SIGUSR2: [libjvm.so+0x744860], sa_mask[0]=00100000000000000000000000000000, sa_flags=SA_RESTART|SA_SIGINFO
SIGHUP: [libjvm.so+0x745d10], sa_mask[0]=11111111011111111101111111111110, sa_flags=SA_RESTART|SA_SIGINFO
SIGINT: [libjvm.so+0x745d10], sa_mask[0]=11111111011111111101111111111110, sa_flags=SA_RESTART|SA_SIGINFO
SIGTERM: [libjvm.so+0x745d10], sa_mask[0]=11111111011111111101111111111110, sa_flags=SA_RESTART|SA_SIGINFO
SIGQUIT: [libjvm.so+0x745d10], sa_mask[0]=11111111011111111101111111111110, sa_flags=SA_RESTART|SA_SIGINFO


---------------  S Y S T E M  ---------------

OS:DISTRIB_ID=Ubuntu
DISTRIB_RELEASE=14.04
DISTRIB_CODENAME=trusty
DISTRIB_DESCRIPTION="Ubuntu 14.04.1 LTS"

uname:Linux 3.13.0-44-generic #73-Ubuntu SMP Tue Dec 16 00:22:43 UTC 2014 x86_64
libc:glibc 2.19 NPTL 2.19 
rlimit: STACK 8192k, CORE 0k, NPROC 61509, NOFILE 4096, AS infinity
load average:0.41 0.44 0.32

/proc/meminfo:
MemTotal:        7894888 kB
MemFree:          590556 kB
Buffers:          223532 kB
Cached:          2717724 kB
SwapCached:        52660 kB
Active:          4061484 kB
Inactive:        2789716 kB
Active(anon):    2780280 kB
Inactive(anon):  1498960 kB
Active(file):    1281204 kB
Inactive(file):  1290756 kB
Unevictable:           0 kB
Mlocked:               0 kB
SwapTotal:       7811068 kB
SwapFree:        7649476 kB
Dirty:               984 kB
Writeback:             0 kB
AnonPages:       3865824 kB
Mapped:           268980 kB
Shmem:            369296 kB
Slab:             324832 kB
SReclaimable:     285304 kB
SUnreclaim:        39528 kB
KernelStack:        6160 kB
PageTables:        42784 kB
NFS_Unstable:          0 kB
Bounce:                0 kB
WritebackTmp:          0 kB
CommitLimit:    11758512 kB
Committed_AS:    9194160 kB
VmallocTotal:   34359738367 kB
VmallocUsed:      358048 kB
VmallocChunk:   34359364220 kB
HardwareCorrupted:     0 kB
AnonHugePages:   2041856 kB
HugePages_Total:       0
HugePages_Free:        0
HugePages_Rsvd:        0
HugePages_Surp:        0
Hugepagesize:       2048 kB
DirectMap4k:      111716 kB
DirectMap2M:     5894144 kB
DirectMap1G:     2097152 kB


CPU:total 4 (2 cores per cpu, 2 threads per core) family 6 model 60 stepping 3, cmov, cx8, fxsr, mmx, sse, sse2, sse3, ssse3, sse4.1, sse4.2, popcnt, avx, avx2, aes, clmul, erms, rtm, lzcnt, ht, tsc, tscinvbit, bmi1, bmi2

/proc/cpuinfo:
processor	: 0
vendor_id	: GenuineIntel
cpu family	: 6
model		: 60
model name	: Intel(R) Core(TM) i5-4300M CPU @ 2.60GHz
stepping	: 3
microcode	: 0x19
cpu MHz		: 800.000
cache size	: 3072 KB
physical id	: 0
siblings	: 4
core id		: 0
cpu cores	: 2
apicid		: 0
initial apicid	: 0
fpu		: yes
fpu_exception	: yes
cpuid level	: 13
wp		: yes
flags		: fpu vme de pse tsc msr pae mce cx8 apic sep mtrr pge mca cmov pat pse36 clflush dts acpi mmx fxsr sse sse2 ss ht tm pbe syscall nx pdpe1gb rdtscp lm constant_tsc arch_perfmon pebs bts rep_good nopl xtopology nonstop_tsc aperfmperf eagerfpu pni pclmulqdq dtes64 monitor ds_cpl vmx smx est tm2 ssse3 fma cx16 xtpr pdcm pcid sse4_1 sse4_2 x2apic movbe popcnt tsc_deadline_timer aes xsave avx f16c rdrand lahf_lm abm ida arat epb xsaveopt pln pts dtherm tpr_shadow vnmi flexpriority ept vpid fsgsbase tsc_adjust bmi1 hle avx2 smep bmi2 erms invpcid rtm
bogomips	: 5188.22
clflush size	: 64
cache_alignment	: 64
address sizes	: 39 bits physical, 48 bits virtual
power management:

processor	: 1
vendor_id	: GenuineIntel
cpu family	: 6
model		: 60
model name	: Intel(R) Core(TM) i5-4300M CPU @ 2.60GHz
stepping	: 3
microcode	: 0x19
cpu MHz		: 900.000
cache size	: 3072 KB
physical id	: 0
siblings	: 4
core id		: 0
cpu cores	: 2
apicid		: 1
initial apicid	: 1
fpu		: yes
fpu_exception	: yes
cpuid level	: 13
wp		: yes
flags		: fpu vme de pse tsc msr pae mce cx8 apic sep mtrr pge mca cmov pat pse36 clflush dts acpi mmx fxsr sse sse2 ss ht tm pbe syscall nx pdpe1gb rdtscp lm constant_tsc arch_perfmon pebs bts rep_good nopl xtopology nonstop_tsc aperfmperf eagerfpu pni pclmulqdq dtes64 monitor ds_cpl vmx smx est tm2 ssse3 fma cx16 xtpr pdcm pcid sse4_1 sse4_2 x2apic movbe popcnt tsc_deadline_timer aes xsave avx f16c rdrand lahf_lm abm ida arat epb xsaveopt pln pts dtherm tpr_shadow vnmi flexpriority ept vpid fsgsbase tsc_adjust bmi1 hle avx2 smep bmi2 erms invpcid rtm
bogomips	: 5188.22
clflush size	: 64
cache_alignment	: 64
address sizes	: 39 bits physical, 48 bits virtual
power management:

processor	: 2
vendor_id	: GenuineIntel
cpu family	: 6
model		: 60
model name	: Intel(R) Core(TM) i5-4300M CPU @ 2.60GHz
stepping	: 3
microcode	: 0x19
cpu MHz		: 800.000
cache size	: 3072 KB
physical id	: 0
siblings	: 4
core id		: 1
cpu cores	: 2
apicid		: 2
initial apicid	: 2
fpu		: yes
fpu_exception	: yes
cpuid level	: 13
wp		: yes
flags		: fpu vme de pse tsc msr pae mce cx8 apic sep mtrr pge mca cmov pat pse36 clflush dts acpi mmx fxsr sse sse2 ss ht tm pbe syscall nx pdpe1gb rdtscp lm constant_tsc arch_perfmon pebs bts rep_good nopl xtopology nonstop_tsc aperfmperf eagerfpu pni pclmulqdq dtes64 monitor ds_cpl vmx smx est tm2 ssse3 fma cx16 xtpr pdcm pcid sse4_1 sse4_2 x2apic movbe popcnt tsc_deadline_timer aes xsave avx f16c rdrand lahf_lm abm ida arat epb xsaveopt pln pts dtherm tpr_shadow vnmi flexpriority ept vpid fsgsbase tsc_adjust bmi1 hle avx2 smep bmi2 erms invpcid rtm
bogomips	: 5188.22
clflush size	: 64
cache_alignment	: 64
address sizes	: 39 bits physical, 48 bits virtual
power management:

processor	: 3
vendor_id	: GenuineIntel
cpu family	: 6
model		: 60
model name	: Intel(R) Core(TM) i5-4300M CPU @ 2.60GHz
stepping	: 3
microcode	: 0x19
cpu MHz		: 2601.000
cache size	: 3072 KB
physical id	: 0
siblings	: 4
core id		: 1
cpu cores	: 2
apicid		: 3
initial apicid	: 3
fpu		: yes
fpu_exception	: yes
cpuid level	: 13
wp		: yes
flags		: fpu vme de pse tsc msr pae mce cx8 apic sep mtrr pge mca cmov pat pse36 clflush dts acpi mmx fxsr sse sse2 ss ht tm pbe syscall nx pdpe1gb rdtscp lm constant_tsc arch_perfmon pebs bts rep_good nopl xtopology nonstop_tsc aperfmperf eagerfpu pni pclmulqdq dtes64 monitor ds_cpl vmx smx est tm2 ssse3 fma cx16 xtpr pdcm pcid sse4_1 sse4_2 x2apic movbe popcnt tsc_deadline_timer aes xsave avx f16c rdrand lahf_lm abm ida arat epb xsaveopt pln pts dtherm tpr_shadow vnmi flexpriority ept vpid fsgsbase tsc_adjust bmi1 hle avx2 smep bmi2 erms invpcid rtm
bogomips	: 5188.22
clflush size	: 64
cache_alignment	: 64
address sizes	: 39 bits physical, 48 bits virtual
power management:



Memory: 4k page, physical 7894888k(590556k free), swap 7811068k(7649476k free)

vm_info: Java HotSpot(TM) Server VM (25.45-b02) for linux-x86 JRE (1.8.0_45-b14), built on Apr 10 2015 10:38:30 by "java_re" with gcc 4.3.0 20080428 (Red Hat 4.3.0-8)

time: Wed Jun 10 18:37:22 2015
elapsed time: 95 seconds (0d 0h 1m 35s)

