Connecting to database...
Creating statement...
Jun 17, 2015 7:36:01 PM com.orientechnologies.common.log.OLogManager log
INFO: OrientDB auto-config DISKCACHE=4,751MB (heap=910MB os=7,709MB disk=68,204MB)
Exception occured : Class 'PublisherAdTag' was not found in current database
Exception occured : null
200000 created. 30
printAllVertex Count >>  1 Class : PublisherAdTag : total read  200000
Dropped class : PublisherAdTag
Dropped  index: publisheradtag_idIndex
Vertex Dropped : 2315

Connecting to database...
Creating statement...
Jun 17, 2015 7:45:21 PM com.orientechnologies.common.log.OLogManager log
INFO: OrientDB auto-config DISKCACHE=4,751MB (heap=910MB os=7,709MB disk=68,032MB)
54124 created. 8
printAllVertex Time >>  1 Class : PublisherAdTag : total read  254124

Connecting to database...
Creating statement...
Jun 17, 2015 7:53:49 PM com.orientechnologies.common.log.OLogManager log
INFO: OrientDB auto-config DISKCACHE=4,751MB (heap=910MB os=7,709MB disk=68,294MB)
Exception occured : Class 'PublisherAdTag' was not found in current database
Exception occured : null
200000 created. 40
printAllVertex Time >>  1 Class : PublisherAdTag : total read  200000
Dropped class : PublisherAdTag
Dropped  index: publisheradtag_idIndex
Vertex Dropped time : 2
Connecting to database...
Creating statement...
Jun 17, 2015 8:10:21 PM com.orientechnologies.common.log.OLogManager log
INFO: OrientDB auto-config DISKCACHE=4,751MB (heap=910MB os=7,709MB disk=68,066MB)
54124 created. 10
printAllVertex Time >>  1 Class : PublisherAdTag : total read  254124

Dropped class : PublisherAdTag
Dropped  index: publisheradtag_idIndex
200000 created. 33
printAllVertex Time >>  1 Class : PublisherAdTag : total read  200000

Dropped class : PublisherAdTag
Dropped  index: publisheradtag_idIndex
254125 created. 41
printAllVertex Time >>  0 Class : PublisherAdTag : total read  254125

Jun 18, 2015 7:54:54 AM com.orientechnologies.common.log.OLogManager log
INFO: OrientDB auto-config DISKCACHE=3,947MB (heap=1,714MB os=7,709MB disk=66,605MB)
printAllVertex Time >>  1 Class : PublisherAdTag : total read  254125

Expected Total : 11947  Actual inserted :11947 Time Taken : 13
printAllVertex Time >>  0 Class : Publisher : total read  11947

47631 created. 18
printAllVertex Time >>  1 Class : PublisherSite : total read  47631

10000 Deleted node count. Time taken : 899

